{"total": {"lines":{"total":6778,"covered":5875,"skipped":0,"pct":86.67},"statements":{"total":6778,"covered":5875,"skipped":0,"pct":86.67},"functions":{"total":231,"covered":202,"skipped":0,"pct":87.44},"branches":{"total":1087,"covered":1022,"skipped":0,"pct":94.02},"branchesTrue":{"total":0,"covered":0,"skipped":0,"pct":100}}
,"C:\\Users\\aminc\\Documents\\op quest-20260901T182255Z-1-001\\op quest\\src\\domain\\islands.ts": {"lines":{"total":121,"covered":121,"skipped":0,"pct":100},"functions":{"total":1,"covered":1,"skipped":0,"pct":100},"statements":{"total":121,"covered":121,"skipped":0,"pct":100},"branches":{"total":6,"covered":6,"skipped":0,"pct":100}}
,"C:\\Users\\aminc\\Documents\\op quest-20260901T182255Z-1-001\\op quest\\src\\domain\\labels.ts": {"lines":{"total":13,"covered":13,"skipped":0,"pct":100},"functions":{"total":0,"covered":0,"skipped":0,"pct":100},"statements":{"total":13,"covered":13,"skipped":0,"pct":100},"branches":{"total":0,"covered":0,"skipped":0,"pct":100}}
,"C:\\Users\\aminc\\Documents\\op quest-20260901T182255Z-1-001\\op quest\\src\\domain\\risk.ts": {"lines":{"total":73,"covered":0,"skipped":0,"pct":0},"functions":{"total":1,"covered":0,"skipped":0,"pct":0},"statements":{"total":73,"covered":0,"skipped":0,"pct":0},"branches":{"total":1,"covered":0,"skipped":0,"pct":0}}
,"C:\\Users\\aminc\\Documents\\op quest-20260901T182255Z-1-001\\op quest\\src\\domain\\admin\\anomalies.ts": {"lines":{"total":76,"covered":69,"skipped":0,"pct":90.78},"functions":{"total":3,"covered":3,"skipped":0,"pct":100},"statements":{"total":76,"covered":69,"skipped":0,"pct":90.78},"branches":{"total":22,"covered":20,"skipped":0,"pct":90.9}}
,"C:\\Users\\aminc\\Documents\\op quest-20260901T182255Z-1-001\\op quest\\src\\domain\\admin\\assisted-count.ts": {"lines":{"total":46,"covered":46,"skipped":0,"pct":100},"functions":{"total":2,"covered":2,"skipped":0,"pct":100},"statements":{"total":46,"covered":46,"skipped":0,"pct":100},"branches":{"total":22,"covered":21,"skipped":0,"pct":95.45}}
,"C:\\Users\\aminc\\Documents\\op quest-20260901T182255Z-1-001\\op quest\\src\\domain\\admin\\meta.ts": {"lines":{"total":75,"covered":75,"skipped":0,"pct":100},"functions":{"total":3,"covered":3,"skipped":0,"pct":100},"statements":{"total":75,"covered":75,"skipped":0,"pct":100},"branches":{"total":24,"covered":22,"skipped":0,"pct":91.66}}
,"C:\\Users\\aminc\\Documents\\op quest-20260901T182255Z-1-001\\op quest\\src\\domain\\admin\\simulator.ts": {"lines":{"total":54,"covered":54,"skipped":0,"pct":100},"functions":{"total":2,"covered":2,"skipped":0,"pct":100},"statements":{"total":54,"covered":54,"skipped":0,"pct":100},"branches":{"total":19,"covered":19,"skipped":0,"pct":100}}
,"C:\\Users\\aminc\\Documents\\op quest-20260901T182255Z-1-001\\op quest\\src\\domain\\antiabuse\\config.ts": {"lines":{"total":32,"covered":32,"skipped":0,"pct":100},"functions":{"total":0,"covered":0,"skipped":0,"pct":100},"statements":{"total":32,"covered":32,"skipped":0,"pct":100},"branches":{"total":0,"covered":0,"skipped":0,"pct":100}}
,"C:\\Users\\aminc\\Documents\\op quest-20260901T182255Z-1-001\\op quest\\src\\domain\\antiabuse\\engine.ts": {"lines":{"total":120,"covered":119,"skipped":0,"pct":99.16},"functions":{"total":5,"covered":5,"skipped":0,"pct":100},"statements":{"total":120,"covered":119,"skipped":0,"pct":99.16},"branches":{"total":45,"covered":43,"skipped":0,"pct":95.55}}
,"C:\\Users\\aminc\\Documents\\op quest-20260901T182255Z-1-001\\op quest\\src\\domain\\auth\\password-policy.ts": {"lines":{"total":44,"covered":31,"skipped":0,"pct":70.45},"functions":{"total":2,"covered":1,"skipped":0,"pct":50},"statements":{"total":44,"covered":31,"skipped":0,"pct":70.45},"branches":{"total":6,"covered":6,"skipped":0,"pct":100}}
,"C:\\Users\\aminc\\Documents\\op quest-20260901T182255Z-1-001\\op quest\\src\\domain\\auth\\password-reset.ts": {"lines":{"total":30,"covered":30,"skipped":0,"pct":100},"functions":{"total":3,"covered":3,"skipped":0,"pct":100},"statements":{"total":30,"covered":30,"skipped":0,"pct":100},"branches":{"total":9,"covered":9,"skipped":0,"pct":100}}
,"C:\\Users\\aminc\\Documents\\op quest-20260901T182255Z-1-001\\op quest\\src\\domain\\auth\\piege.ts": {"lines":{"total":4,"covered":4,"skipped":0,"pct":100},"functions":{"total":1,"covered":1,"skipped":0,"pct":100},"statements":{"total":4,"covered":4,"skipped":0,"pct":100},"branches":{"total":2,"covered":2,"skipped":0,"pct":100}}
,"C:\\Users\\aminc\\Documents\\op quest-20260901T182255Z-1-001\\op quest\\src\\domain\\auth\\rate-limit.ts": {"lines":{"total":43,"covered":41,"skipped":0,"pct":95.34},"functions":{"total":4,"covered":4,"skipped":0,"pct":100},"statements":{"total":43,"covered":41,"skipped":0,"pct":95.34},"branches":{"total":14,"covered":13,"skipped":0,"pct":92.85}}
,"C:\\Users\\aminc\\Documents\\op quest-20260901T182255Z-1-001\\op quest\\src\\domain\\auth\\session.ts": {"lines":{"total":32,"covered":32,"skipped":0,"pct":100},"functions":{"total":3,"covered":3,"skipped":0,"pct":100},"statements":{"total":32,"covered":32,"skipped":0,"pct":100},"branches":{"total":8,"covered":8,"skipped":0,"pct":100}}
,"C:\\Users\\aminc\\Documents\\op quest-20260901T182255Z-1-001\\op quest\\src\\domain\\auth\\totp.ts": {"lines":{"total":110,"covered":108,"skipped":0,"pct":98.18},"functions":{"total":9,"covered":8,"skipped":0,"pct":88.88},"statements":{"total":110,"covered":108,"skipped":0,"pct":98.18},"branches":{"total":25,"covered":24,"skipped":0,"pct":96}}
,"C:\\Users\\aminc\\Documents\\op quest-20260901T182255Z-1-001\\op quest\\src\\domain\\chapter\\appearance-import.ts": {"lines":{"total":92,"covered":92,"skipped":0,"pct":100},"functions":{"total":4,"covered":4,"skipped":0,"pct":100},"statements":{"total":92,"covered":92,"skipped":0,"pct":100},"branches":{"total":29,"covered":27,"skipped":0,"pct":93.1}}
,"C:\\Users\\aminc\\Documents\\op quest-20260901T182255Z-1-001\\op quest\\src\\domain\\chapter\\lock.ts": {"lines":{"total":93,"covered":91,"skipped":0,"pct":97.84},"functions":{"total":9,"covered":9,"skipped":0,"pct":100},"statements":{"total":93,"covered":91,"skipped":0,"pct":97.84},"branches":{"total":16,"covered":15,"skipped":0,"pct":93.75}}
,"C:\\Users\\aminc\\Documents\\op quest-20260901T182255Z-1-001\\op quest\\src\\domain\\chapter\\pronostics.ts": {"lines":{"total":67,"covered":50,"skipped":0,"pct":74.62},"functions":{"total":4,"covered":3,"skipped":0,"pct":75},"statements":{"total":67,"covered":50,"skipped":0,"pct":74.62},"branches":{"total":25,"covered":23,"skipped":0,"pct":92}}
,"C:\\Users\\aminc\\Documents\\op quest-20260901T182255Z-1-001\\op quest\\src\\domain\\chapter\\recurrence.ts": {"lines":{"total":36,"covered":36,"skipped":0,"pct":100},"functions":{"total":2,"covered":2,"skipped":0,"pct":100},"statements":{"total":36,"covered":36,"skipped":0,"pct":100},"branches":{"total":14,"covered":14,"skipped":0,"pct":100}}
,"C:\\Users\\aminc\\Documents\\op quest-20260901T182255Z-1-001\\op quest\\src\\domain\\chapter\\schedule.ts": {"lines":{"total":83,"covered":81,"skipped":0,"pct":97.59},"functions":{"total":3,"covered":3,"skipped":0,"pct":100},"statements":{"total":83,"covered":81,"skipped":0,"pct":97.59},"branches":{"total":12,"covered":12,"skipped":0,"pct":100}}
,"C:\\Users\\aminc\\Documents\\op quest-20260901T182255Z-1-001\\op quest\\src\\domain\\collection\\attributes.ts": {"lines":{"total":203,"covered":203,"skipped":0,"pct":100},"functions":{"total":4,"covered":4,"skipped":0,"pct":100},"statements":{"total":203,"covered":203,"skipped":0,"pct":100},"branches":{"total":38,"covered":37,"skipped":0,"pct":97.36}}
,"C:\\Users\\aminc\\Documents\\op quest-20260901T182255Z-1-001\\op quest\\src\\domain\\collection\\chest-ceremony.ts": {"lines":{"total":102,"covered":102,"skipped":0,"pct":100},"functions":{"total":6,"covered":6,"skipped":0,"pct":100},"statements":{"total":102,"covered":102,"skipped":0,"pct":100},"branches":{"total":25,"covered":24,"skipped":0,"pct":96}}
,"C:\\Users\\aminc\\Documents\\op quest-20260901T182255Z-1-001\\op quest\\src\\domain\\collection\\chest.ts": {"lines":{"total":114,"covered":110,"skipped":0,"pct":96.49},"functions":{"total":4,"covered":4,"skipped":0,"pct":100},"statements":{"total":114,"covered":110,"skipped":0,"pct":96.49},"branches":{"total":34,"covered":30,"skipped":0,"pct":88.23}}
,"C:\\Users\\aminc\\Documents\\op quest-20260901T182255Z-1-001\\op quest\\src\\domain\\collection\\crafting.ts": {"lines":{"total":42,"covered":33,"skipped":0,"pct":78.57},"functions":{"total":2,"covered":1,"skipped":0,"pct":50},"statements":{"total":42,"covered":33,"skipped":0,"pct":78.57},"branches":{"total":7,"covered":7,"skipped":0,"pct":100}}
,"C:\\Users\\aminc\\Documents\\op quest-20260901T182255Z-1-001\\op quest\\src\\domain\\collection\\levels.ts": {"lines":{"total":45,"covered":45,"skipped":0,"pct":100},"functions":{"total":5,"covered":5,"skipped":0,"pct":100},"statements":{"total":45,"covered":45,"skipped":0,"pct":100},"branches":{"total":18,"covered":17,"skipped":0,"pct":94.44}}
,"C:\\Users\\aminc\\Documents\\op quest-20260901T182255Z-1-001\\op quest\\src\\domain\\collection\\odds.ts": {"lines":{"total":55,"covered":55,"skipped":0,"pct":100},"functions":{"total":4,"covered":4,"skipped":0,"pct":100},"statements":{"total":55,"covered":55,"skipped":0,"pct":100},"branches":{"total":15,"covered":12,"skipped":0,"pct":80}}
,"C:\\Users\\aminc\\Documents\\op quest-20260901T182255Z-1-001\\op quest\\src\\domain\\collection\\portrait.ts": {"lines":{"total":373,"covered":72,"skipped":0,"pct":19.3},"functions":{"total":8,"covered":1,"skipped":0,"pct":12.5},"statements":{"total":373,"covered":72,"skipped":0,"pct":19.3},"branches":{"total":18,"covered":11,"skipped":0,"pct":61.11}}
,"C:\\Users\\aminc\\Documents\\op quest-20260901T182255Z-1-001\\op quest\\src\\domain\\collection\\rarity.ts": {"lines":{"total":48,"covered":48,"skipped":0,"pct":100},"functions":{"total":2,"covered":2,"skipped":0,"pct":100},"statements":{"total":48,"covered":48,"skipped":0,"pct":100},"branches":{"total":2,"covered":2,"skipped":0,"pct":100}}
,"C:\\Users\\aminc\\Documents\\op quest-20260901T182255Z-1-001\\op quest\\src\\domain\\collection\\rewards.ts": {"lines":{"total":35,"covered":35,"skipped":0,"pct":100},"functions":{"total":2,"covered":2,"skipped":0,"pct":100},"statements":{"total":35,"covered":35,"skipped":0,"pct":100},"branches":{"total":9,"covered":9,"skipped":0,"pct":100}}
,"C:\\Users\\aminc\\Documents\\op quest-20260901T182255Z-1-001\\op quest\\src\\domain\\collection\\sets.ts": {"lines":{"total":67,"covered":67,"skipped":0,"pct":100},"functions":{"total":3,"covered":3,"skipped":0,"pct":100},"statements":{"total":67,"covered":67,"skipped":0,"pct":100},"branches":{"total":13,"covered":13,"skipped":0,"pct":100}}
,"C:\\Users\\aminc\\Documents\\op quest-20260901T182255Z-1-001\\op quest\\src\\domain\\collection\\signatures.ts": {"lines":{"total":1965,"covered":1963,"skipped":0,"pct":99.89},"functions":{"total":2,"covered":1,"skipped":0,"pct":50},"statements":{"total":1965,"covered":1963,"skipped":0,"pct":99.89},"branches":{"total":2,"covered":2,"skipped":0,"pct":100}}
,"C:\\Users\\aminc\\Documents\\op quest-20260901T182255Z-1-001\\op quest\\src\\domain\\collection\\tri.ts": {"lines":{"total":75,"covered":75,"skipped":0,"pct":100},"functions":{"total":6,"covered":6,"skipped":0,"pct":100},"statements":{"total":75,"covered":75,"skipped":0,"pct":100},"branches":{"total":30,"covered":29,"skipped":0,"pct":96.66}}
,"C:\\Users\\aminc\\Documents\\op quest-20260901T182255Z-1-001\\op quest\\src\\domain\\compliance\\age.ts": {"lines":{"total":71,"covered":71,"skipped":0,"pct":100},"functions":{"total":5,"covered":5,"skipped":0,"pct":100},"statements":{"total":71,"covered":71,"skipped":0,"pct":100},"branches":{"total":22,"covered":22,"skipped":0,"pct":100}}
,"C:\\Users\\aminc\\Documents\\op quest-20260901T182255Z-1-001\\op quest\\src\\domain\\email\\delivery.ts": {"lines":{"total":40,"covered":38,"skipped":0,"pct":95},"functions":{"total":4,"covered":4,"skipped":0,"pct":100},"statements":{"total":40,"covered":38,"skipped":0,"pct":95},"branches":{"total":15,"covered":14,"skipped":0,"pct":93.33}}
,"C:\\Users\\aminc\\Documents\\op quest-20260901T182255Z-1-001\\op quest\\src\\domain\\i18n\\locales.ts": {"lines":{"total":156,"covered":0,"skipped":0,"pct":0},"functions":{"total":1,"covered":0,"skipped":0,"pct":0},"statements":{"total":156,"covered":0,"skipped":0,"pct":0},"branches":{"total":1,"covered":0,"skipped":0,"pct":0}}
,"C:\\Users\\aminc\\Documents\\op quest-20260901T182255Z-1-001\\op quest\\src\\domain\\league\\league.ts": {"lines":{"total":58,"covered":40,"skipped":0,"pct":68.96},"functions":{"total":6,"covered":4,"skipped":0,"pct":66.66},"statements":{"total":58,"covered":40,"skipped":0,"pct":68.96},"branches":{"total":15,"covered":14,"skipped":0,"pct":93.33}}
,"C:\\Users\\aminc\\Documents\\op quest-20260901T182255Z-1-001\\op quest\\src\\domain\\market\\anti-manipulation.ts": {"lines":{"total":71,"covered":51,"skipped":0,"pct":71.83},"functions":{"total":4,"covered":2,"skipped":0,"pct":50},"statements":{"total":71,"covered":51,"skipped":0,"pct":71.83},"branches":{"total":20,"covered":20,"skipped":0,"pct":100}}
,"C:\\Users\\aminc\\Documents\\op quest-20260901T182255Z-1-001\\op quest\\src\\domain\\market\\pricing.ts": {"lines":{"total":71,"covered":60,"skipped":0,"pct":84.5},"functions":{"total":6,"covered":5,"skipped":0,"pct":83.33},"statements":{"total":71,"covered":60,"skipped":0,"pct":84.5},"branches":{"total":22,"covered":22,"skipped":0,"pct":100}}
,"C:\\Users\\aminc\\Documents\\op quest-20260901T182255Z-1-001\\op quest\\src\\domain\\missions\\missions.ts": {"lines":{"total":85,"covered":85,"skipped":0,"pct":100},"functions":{"total":2,"covered":2,"skipped":0,"pct":100},"statements":{"total":85,"covered":85,"skipped":0,"pct":100},"branches":{"total":17,"covered":17,"skipped":0,"pct":100}}
,"C:\\Users\\aminc\\Documents\\op quest-20260901T182255Z-1-001\\op quest\\src\\domain\\notifications\\notifications.ts": {"lines":{"total":176,"covered":0,"skipped":0,"pct":0},"functions":{"total":1,"covered":0,"skipped":0,"pct":0},"statements":{"total":176,"covered":0,"skipped":0,"pct":0},"branches":{"total":1,"covered":0,"skipped":0,"pct":0}}
,"C:\\Users\\aminc\\Documents\\op quest-20260901T182255Z-1-001\\op quest\\src\\domain\\notifications\\preferences.ts": {"lines":{"total":53,"covered":51,"skipped":0,"pct":96.22},"functions":{"total":3,"covered":3,"skipped":0,"pct":100},"statements":{"total":53,"covered":51,"skipped":0,"pct":96.22},"branches":{"total":13,"covered":9,"skipped":0,"pct":69.23}}
,"C:\\Users\\aminc\\Documents\\op quest-20260901T182255Z-1-001\\op quest\\src\\domain\\payments\\catalog.ts": {"lines":{"total":120,"covered":120,"skipped":0,"pct":100},"functions":{"total":3,"covered":3,"skipped":0,"pct":100},"statements":{"total":120,"covered":120,"skipped":0,"pct":100},"branches":{"total":17,"covered":17,"skipped":0,"pct":100}}
,"C:\\Users\\aminc\\Documents\\op quest-20260901T182255Z-1-001\\op quest\\src\\domain\\payments\\promotion.ts": {"lines":{"total":37,"covered":32,"skipped":0,"pct":86.48},"functions":{"total":4,"covered":3,"skipped":0,"pct":75},"statements":{"total":37,"covered":32,"skipped":0,"pct":86.48},"branches":{"total":11,"covered":11,"skipped":0,"pct":100}}
,"C:\\Users\\aminc\\Documents\\op quest-20260901T182255Z-1-001\\op quest\\src\\domain\\payments\\signature.ts": {"lines":{"total":33,"covered":33,"skipped":0,"pct":100},"functions":{"total":2,"covered":2,"skipped":0,"pct":100},"statements":{"total":33,"covered":33,"skipped":0,"pct":100},"branches":{"total":21,"covered":20,"skipped":0,"pct":95.23}}
,"C:\\Users\\aminc\\Documents\\op quest-20260901T182255Z-1-001\\op quest\\src\\domain\\player\\handle.ts": {"lines":{"total":66,"covered":53,"skipped":0,"pct":80.3},"functions":{"total":5,"covered":4,"skipped":0,"pct":80},"statements":{"total":66,"covered":53,"skipped":0,"pct":80.3},"branches":{"total":14,"covered":13,"skipped":0,"pct":92.85}}
,"C:\\Users\\aminc\\Documents\\op quest-20260901T182255Z-1-001\\op quest\\src\\domain\\player\\style.ts": {"lines":{"total":43,"covered":41,"skipped":0,"pct":95.34},"functions":{"total":2,"covered":2,"skipped":0,"pct":100},"statements":{"total":43,"covered":41,"skipped":0,"pct":95.34},"branches":{"total":16,"covered":15,"skipped":0,"pct":93.75}}
,"C:\\Users\\aminc\\Documents\\op quest-20260901T182255Z-1-001\\op quest\\src\\domain\\scoring\\chapter-analysis.ts": {"lines":{"total":100,"covered":99,"skipped":0,"pct":99},"functions":{"total":8,"covered":8,"skipped":0,"pct":100},"statements":{"total":100,"covered":99,"skipped":0,"pct":99},"branches":{"total":48,"covered":42,"skipped":0,"pct":87.5}}
,"C:\\Users\\aminc\\Documents\\op quest-20260901T182255Z-1-001\\op quest\\src\\domain\\scoring\\chapter-results.ts": {"lines":{"total":50,"covered":50,"skipped":0,"pct":100},"functions":{"total":4,"covered":4,"skipped":0,"pct":100},"statements":{"total":50,"covered":50,"skipped":0,"pct":100},"branches":{"total":26,"covered":26,"skipped":0,"pct":100}}
,"C:\\Users\\aminc\\Documents\\op quest-20260901T182255Z-1-001\\op quest\\src\\domain\\scoring\\index.ts": {"lines":{"total":25,"covered":25,"skipped":0,"pct":100},"functions":{"total":1,"covered":1,"skipped":0,"pct":100},"statements":{"total":25,"covered":25,"skipped":0,"pct":100},"branches":{"total":4,"covered":4,"skipped":0,"pct":100}}
,"C:\\Users\\aminc\\Documents\\op quest-20260901T182255Z-1-001\\op quest\\src\\domain\\scoring\\prominence.ts": {"lines":{"total":91,"covered":91,"skipped":0,"pct":100},"functions":{"total":4,"covered":4,"skipped":0,"pct":100},"statements":{"total":91,"covered":91,"skipped":0,"pct":100},"branches":{"total":21,"covered":20,"skipped":0,"pct":95.23}}
,"C:\\Users\\aminc\\Documents\\op quest-20260901T182255Z-1-001\\op quest\\src\\domain\\scoring\\shared-attributes.ts": {"lines":{"total":24,"covered":24,"skipped":0,"pct":100},"functions":{"total":2,"covered":2,"skipped":0,"pct":100},"statements":{"total":24,"covered":24,"skipped":0,"pct":100},"branches":{"total":8,"covered":6,"skipped":0,"pct":75}}
,"C:\\Users\\aminc\\Documents\\op quest-20260901T182255Z-1-001\\op quest\\src\\domain\\scoring\\v1.ts": {"lines":{"total":113,"covered":113,"skipped":0,"pct":100},"functions":{"total":7,"covered":7,"skipped":0,"pct":100},"statements":{"total":113,"covered":113,"skipped":0,"pct":100},"branches":{"total":30,"covered":28,"skipped":0,"pct":93.33}}
,"C:\\Users\\aminc\\Documents\\op quest-20260901T182255Z-1-001\\op quest\\src\\domain\\scoring\\v2.ts": {"lines":{"total":107,"covered":107,"skipped":0,"pct":100},"functions":{"total":6,"covered":6,"skipped":0,"pct":100},"statements":{"total":107,"covered":107,"skipped":0,"pct":100},"branches":{"total":24,"covered":23,"skipped":0,"pct":95.83}}
,"C:\\Users\\aminc\\Documents\\op quest-20260901T182255Z-1-001\\op quest\\src\\domain\\scoring\\v3.ts": {"lines":{"total":152,"covered":145,"skipped":0,"pct":95.39},"functions":{"total":7,"covered":6,"skipped":0,"pct":85.71},"statements":{"total":152,"covered":145,"skipped":0,"pct":95.39},"branches":{"total":36,"covered":35,"skipped":0,"pct":97.22}}
,"C:\\Users\\aminc\\Documents\\op quest-20260901T182255Z-1-001\\op quest\\src\\domain\\scoring\\v4.ts": {"lines":{"total":152,"covered":143,"skipped":0,"pct":94.07},"functions":{"total":7,"covered":6,"skipped":0,"pct":85.71},"statements":{"total":152,"covered":143,"skipped":0,"pct":94.07},"branches":{"total":35,"covered":32,"skipped":0,"pct":91.42}}
,"C:\\Users\\aminc\\Documents\\op quest-20260901T182255Z-1-001\\op quest\\src\\domain\\scoring\\v5.ts": {"lines":{"total":130,"covered":121,"skipped":0,"pct":93.07},"functions":{"total":7,"covered":6,"skipped":0,"pct":85.71},"statements":{"total":130,"covered":121,"skipped":0,"pct":93.07},"branches":{"total":41,"covered":38,"skipped":0,"pct":92.68}}
,"C:\\Users\\aminc\\Documents\\op quest-20260901T182255Z-1-001\\op quest\\src\\domain\\scoring\\v6.ts": {"lines":{"total":157,"covered":157,"skipped":0,"pct":100},"functions":{"total":7,"covered":7,"skipped":0,"pct":100},"statements":{"total":157,"covered":157,"skipped":0,"pct":100},"branches":{"total":51,"covered":50,"skipped":0,"pct":98.03}}
,"C:\\Users\\aminc\\Documents\\op quest-20260901T182255Z-1-001\\op quest\\src\\domain\\season\\divisions.ts": {"lines":{"total":78,"covered":78,"skipped":0,"pct":100},"functions":{"total":2,"covered":2,"skipped":0,"pct":100},"statements":{"total":78,"covered":78,"skipped":0,"pct":100},"branches":{"total":14,"covered":14,"skipped":0,"pct":100}}
,"C:\\Users\\aminc\\Documents\\op quest-20260901T182255Z-1-001\\op quest\\src\\domain\\season\\season.ts": {"lines":{"total":45,"covered":45,"skipped":0,"pct":100},"functions":{"total":3,"covered":3,"skipped":0,"pct":100},"statements":{"total":45,"covered":45,"skipped":0,"pct":100},"branches":{"total":12,"covered":12,"skipped":0,"pct":100}}
,"C:\\Users\\aminc\\Documents\\op quest-20260901T182255Z-1-001\\op quest\\src\\domain\\social\\partage.ts": {"lines":{"total":19,"covered":19,"skipped":0,"pct":100},"functions":{"total":2,"covered":2,"skipped":0,"pct":100},"statements":{"total":19,"covered":19,"skipped":0,"pct":100},"branches":{"total":8,"covered":8,"skipped":0,"pct":100}}
,"C:\\Users\\aminc\\Documents\\op quest-20260901T182255Z-1-001\\op quest\\src\\domain\\social\\referral.ts": {"lines":{"total":87,"covered":50,"skipped":0,"pct":57.47},"functions":{"total":7,"covered":3,"skipped":0,"pct":42.85},"statements":{"total":87,"covered":50,"skipped":0,"pct":57.47},"branches":{"total":14,"covered":13,"skipped":0,"pct":92.85}}
}
